<?xml version="1.0" encoding="UTF-8"?>
<!-- Generated by org.testng.reporters.JUnitReportReporter -->
<testsuite skipped="0" hostname="WIN-GEDESCREUP8" name="Testing.NewTest" tests="1" failures="0" timestamp="24 Feb 2018 17:58:02 GMT" time="2.753" errors="0">
  <testcase name="f" time="2.753" classname="Testing.NewTest"/>
</testsuite> <!-- Testing.NewTest -->
